
> nx run app:serve:development

[33m❯[39m Building...
[32m✔[39m Building...
[37m[35mBrowser bundles[37m
[1mInitial chunk files[22m [2m | [22m[1mNames[22m           [2m | [22m [1mRaw size[22m
[32mmain.js[37m             [2m | [22m[2mmain[22m            [2m | [22m  [36m1.82 MB[37m[2m | [22m
[32mchunk-KWT54P2T.js[37m   [2m | [22m[2m-[22m               [2m | [22m  [36m1.09 MB[37m[2m | [22m
[32mchunk-6HP3MZ6P.js[37m   [2m | [22m[2m-[22m               [2m | [22m[36m748.52 kB[37m[2m | [22m
[32mchunk-VDJWRM3A.js[37m   [2m | [22m[2m-[22m               [2m | [22m[36m569.15 kB[37m[2m | [22m
[32mchunk-7MZDVVBB.js[37m   [2m | [22m[2m-[22m               [2m | [22m[36m232.10 kB[37m[2m | [22m
[32mchunk-PPDMFXLC.js[37m   [2m | [22m[2m-[22m               [2m | [22m [36m39.05 kB[37m[2m | [22m
[32mchunk-SCJTV6FN.js[37m   [2m | [22m[2m-[22m               [2m | [22m [36m26.84 kB[37m[2m | [22m
[32mchunk-C322K3NW.js[37m   [2m | [22m[2m-[22m               [2m | [22m [36m19.36 kB[37m[2m | [22m
[32mstyles.css[37m          [2m | [22m[2mstyles[22m          [2m | [22m  [36m5.47 kB[37m[2m | [22m
[32mchunk-K7OVHKS4.js[37m   [2m | [22m[2m-[22m               [2m | [22m  [36m4.62 kB[37m[2m | [22m
[32mchunk-BVBW2EYM.js[37m   [2m | [22m[2m-[22m               [2m | [22m  [36m3.62 kB[37m[2m | [22m
[32mchunk-L35JNLGH.js[37m   [2m | [22m[2m-[22m               [2m | [22m  [36m3.05 kB[37m[2m | [22m
[32mchunk-D7MF2QZF.js[37m   [2m | [22m[2m-[22m               [2m | [22m  [36m1.74 kB[37m[2m | [22m
[32mchunk-P2STVYYH.js[37m   [2m | [22m[2m-[22m               [2m | [22m  [36m1.56 kB[37m[2m | [22m
[32mchunk-W7C6VB7Q.js[37m   [2m | [22m[2m-[22m               [2m | [22m  [36m1.46 kB[37m[2m | [22m
[32mchunk-LQPIQRCU.js[37m   [2m | [22m[2m-[22m               [2m | [22m[36m980 bytes[37m[2m | [22m
[1m [22m                   [2m | [22m[1mInitial total[22m   [2m | [22m  [1m4.57 MB[22[39m[37mm
[1mLazy chunk files[22m    [2m | [22m[1mNames[22m           [2m | [22m [1mRaw size[22m
[32mchunk-VFFVCDRQ.js[37m   [2m | [22m[2mhome[22m            [2m | [22m[36m363.67 kB[37m[2m | [22m
[32mchunk-VZPMEG3K.js[37m   [2m | [22m[2m-[22m               [2m | [22m[36m361.55 kB[37m[2m | [22m
[32mchunk-LEOUUTJK.js[37m   [2m | [22m[2mcareers[22m         [2m | [22m[36m185.12 kB[37m[2m | [22m
[32mchunk-J5GGPP75.js[37m   [2m | [22m[2mblog-detail[22m     [2m | [22m[36m167.03 kB[37m[2m | [22m
[32mchunk-V753HPW2.js[37m   [2m | [22m[2mbrowser[22m         [2m | [22m[36m149.16 kB[37m[2m | [22m
[32mchunk-U3O5CDAM.js[37m   [2m | [22m[2mproduct-detail[22m  [2m | [22m [36m89.24 kB[37m[2m | [22m
[32mchunk-2LERYMHG.js[37m   [2m | [22m[2mpress[22m           [2m | [22m [36m70.52 kB[37m[2m | [22m
[32mchunk-26SHD4ZV.js[37m   [2m | [22m[2mcontact[22m         [2m | [22m [36m68.05 kB[37m[2m | [22m
[32mchunk-4YPPVYGH.js[37m   [2m | [22m[2msolution-detail[22m [2m | [22m [36m66.81 kB[37m[2m | [22m
[32mchunk-N3KFSXJP.js[37m   [2m | [22m[2mprism[22m           [2m | [22m [36m58.55 kB[37m[2m | [22m
[32mchunk-MK5JTYM5.js[37m   [2m | [22m[2mpricing[22m         [2m | [22m [36m47.03 kB[37m[2m | [22m
[32mchunk-EIS65PR5.js[37m   [2m | [22m[2mfaq[22m             [2m | [22m [36m45.75 kB[37m[2m | [22m
[32mchunk-FBHRBG22.js[37m   [2m | [22m[2mdevelopers[22m      [2m | [22m [36m44.56 kB[37m[2m | [22m
[32mchunk-WZUP4KAS.js[37m   [2m | [22m[2mblog[22m            [2m | [22m [36m39.06 kB[37m[2m | [22m
[32mchunk-LDNZ7IUX.js[37m   [2m | [22m[2mtrust[22m           [2m | [22m [36m37.22 kB[37m[2m | [22m
[2m...and 28 more lazy chunks files. Use "--verbose" to show all the files.[22m
[35mServer bundles[37m
[1mInitial chunk files[22m [2m | [22m[1mNames[22m           [2m | [22m [1mRaw size[22m
[32mmain.server.mjs[3[39m[37m9m     [2m | [22m[2mmain.server[22m     [2m | [22m  [36m2.76 MB[37m[2m | [22m
[32mserver.mjs[37m          [2m | [22m[2mserver[22m          [2m | [22m  [36m2.15 MB[37m[2m | [22m
[32mchunk-WRIT6SQ6.mjs[37m  [2m | [22m[2m-[22m               [2m | [22m  [36m1.04 MB[37m[2m | [22m
[32mchunk-CB5I6T6Y.mjs[37m  [2m | [22m[2m-[22m               [2m | [22m[36m748.56 kB[37m[2m | [22m
[32mchunk-BDY6QM3X.mjs[37m  [2m | [22m[2m-[22m               [2m | [22m[36m565.27 kB[37m[2m | [22m
[32mpolyfills.server.mjs[37m[2m | [22m[2mpolyfills.server[22m[2m | [22m[36m493.23 kB[37m[2m | [22m
[32mchunk-SY6YADBH.mjs[37m  [2m | [22m[2m-[22m               [2m | [22m[36m232.14 kB[37m[2m | [22m
[32mchunk-42UBL6VU.mjs[37m  [2m | [22m[2m-[22m               [2m | [22m [36m39.08 kB[37m[2m | [22m
[32mchunk-56X2SAES.mjs[37m  [2m | [22m[2m-[22m               [2m | [22m [36m26.88 kB[37m[2m | [22m
[32mchunk-WJUYCA34.mjs[37m  [2m | [22m[2m-[22m               [2m | [22m [36m13.41 kB[37m[2m | [22m
[32mchunk-G6YEGD2H.mjs[37m  [2m | [22m[2m-[22m               [2m | [22m  [36m6.43 kB[37m[2m | [22m
[32mchunk-EY76ITWE.mjs[37m  [2m | [22m[2m-[22m               [2m | [22m  [36m4.66 kB[37m[2m | [22m
[32mchunk-5R76RDNU.mjs[37m  [2m | [22m[2m-[22m               [2m | [22m  [36m3.65 kB[37m[2m | [22m
[32mchunk-HLWOUPLB.mjs[37m  [2m | [22m[2m-[22m               [2m | [22m  [36m3.25 kB[37m[2m | [22m
[32mchunk-KEUE3OMP.mjs[37m  [2m | [22m[2m-[22m               [2m | [22m  [36m3.09 kB[37m[2m | [22m
[32mchunk-4KGORVLN.mjs[37m  [2m | [22m[2m-[22m               [2m | [22m  [36m2.15 kB[37m[2m | [22m
[32mchunk-WIIM6TBF.mjs[37m  [2m | [22m[2m-[22m               [2m | [22m  [36m1.59 kB[37m[2m | [22m
[32mchunk-AR6OO73S.mjs[37m  [2m | [22m[2m-[22m               [2m | [22m  [36m1.49 kB[37m[2m | [22m
[32mchunk-E6XVN7XX.mjs[[39m
[37m39m  [2m | [22m[2m-[22m               [2m | [22m  [36m1.01 kB[37m[2m | [22m
[1mLazy chunk files[22m    [2m | [22m[1mNames[22m           [2m | [22m [1mRaw size[22m
[32mchunk-5WJYBEP5.mjs[37m  [2m | [22m[2mhome[22m            [2m | [22m[36m363.75 kB[37m[2m | [22m
[32mchunk-JPJUR4DP.mjs[37m  [2m | [22m[2m-[22m               [2m | [22m[36m361.59 kB[37m[2m | [22m
[32mchunk-XTZFBBOL.mjs[37m  [2m | [22m[2mcareers[22m         [2m | [22m[36m185.20 kB[37m[2m | [22m
[32mchunk-G25CJ7YK.mjs[37m  [2m | [22m[2mblog-detail[22m     [2m | [22m[36m167.11 kB[37m[2m | [22m
[32mchunk-K4A3BNQ3.mjs[37m  [2m | [22m[2mbrowser[22m         [2m | [22m[36m149.19 kB[37m[2m | [22m
[32mchunk-J4PKLHIR.mjs[37m  [2m | [22m[2mproduct-detail[22m  [2m | [22m [36m89.31 kB[37m[2m | [22m
[32mchunk-FFLC5H4P.mjs[37m  [2m | [22m[2mpress[22m           [2m | [22m [36m70.56 kB[37m[2m | [22m
[32mchunk-ZE4IOQID.mjs[37m  [2m | [22m[2mcontact[22m         [2m | [22m [36m68.10 kB[37m[2m | [22m
[32mchunk-Y6IBHTTA.mjs[37m  [2m | [22m[2msolution-detail[22m [2m | [22m [36m66.89 kB[37m[2m | [22m
[32mchunk-FHS5ZTG4.mjs[37m  [2m | [22m[2mprism[22m           [2m | [22m [36m58.58 kB[37m[2m | [22m
[32mchunk-IHT642I6.mjs[37m  [2m | [22m[2mpricing[22m         [2m | [22m [36m47.07 kB[37m[2m | [22m
[32mchunk-EXXPRY6R.mjs[37m  [2m | [22m[2mfaq[22m             [2m | [22m [36m45.83 kB[37m[2m | [22m
[32mchunk-7QY3PGKS.mjs[37m  [2m | [22m[2mdevelopers[22m      [2m | [22m [36m44.60 kB[37m[2m | [22m
[32mchunk-6BLJJBTG.mjs[37m  [2m | [22m[2mxhr2[22m            [2m | [22m [36m40.11 kB[37m[2m | [22m
[32mchunk-W264NDHE.mjs[37m  [2m | [22m[2mxhr2[22m            [2m | [22m [36m40.04 kB[37m[2m | [22m
[2m...and 31 more lazy chunks files. Use "--verbose" to show all the files.[22m
Application bundle generation complete. [29.862 seconds] - 2026-05-0[39m[37m2T20:23:58.827Z
[39m
[1m[33m[33m▲ [43;33m[[43;30mWARNING[43;33m][0m [1mNG8113: BreadcrumbsComponent is not used within the template of App[0m [1m[35m[plugin angular-compiler][0m
    apps/app/src/app/app.ts:28:4:
[37m      28 │     [32mBreadcrumbsComponent[37m,
         ╵     [32m~~~~~~~~~~~~~~~~~~~~[0m
[39m[22m
[37mWatch mode enabled. Watching for file changes...[39m
[37mNOTE: Raw file sizes do not reflect development server per-request transformations.[39m
  [32m➜[39m  [1mLocal[22m:   [36mhttp://localhost:[1m4200[22m/[39m
[33m❯[39m Changes detected. Rebuilding...
[32m✔[39m Changes detected. Rebuilding...
[37m[35mBrowser bundles[37m
[1mInitial chunk files[22m[2m | [22m[1mNames[22m      [2m | [22m[1mRaw size[22m
[32mmain.js[37m            [2m | [22m[2mmain[22m       [2m | [22m [36m1.82 MB[37m[2m | [22m
[35mServer bundles[37m
[1mInitial chunk files[22m[2m | [22m[1mNames[22m      [2m | [22m[1mRaw size[22m
[32mmain.server.mjs[37m    [2m | [22m[2mmain.server[22m[2m | [22m [36m2.76 MB[37m[2m | [22m
Application bundle generation complete. [9.331 seconds] - 2026-05-02T20:25:58.928Z
[39m
[1m[33m[33m▲ [43;33m[[43;30mWARNING[43;33m][0m [1mNG8113: BreadcrumbsComponent is not used within the template of App[0m [1m[35m[plugin angular-compiler][0m
    apps/app/src/app/app.ts:28:4:
[37m      28 │     [32mBreadcrumbsComponent[37m,
         ╵     [32m~~~~~~~~~~~~~~~~~~~~[0m
[39m[22m
[37mPage reload sent to client(s).[39m
[33m❯[39m Changes detected. Rebuilding...
[32m✔[39m Changes detected. Rebuilding...
[37m[35mBrowser bundles[37m
[1mInitial chunk files[22m[2m | [22m[1mNames[22m      [2m | [22m[1mRaw size[22m
[32mmain.js[37m            [2m | [22m[2mmain[22m       [2m | [22m [36m1.82 MB[37m[2m | [22m
[35mServer bundles[37m
[1mInitial chunk files[22m[2m | [22m[1mNames[22m      [2m | [22m[1mRaw size[22m
[32mmain.server.mjs[37m    [2m | [22m[2mmain.server[22m[2m | [22m [36m2.76 MB[37m[2m | [22m
Application bundle generation complete. [3.112 seconds] - 2026-05-02T20:27:30.178Z
[39m
[1m[33m[33m▲ [43;33m[[43;30mWARNING[43;33m][0m [1mNG8113: BreadcrumbsComponent is not used within the template of App[0m [1m[35m[plugin angular-compiler][0m
    apps/app/src/app/app.ts:28:4:
[37m      28 │     [32mBreadcrumbsComponent[37m,
         ╵     [32m~~~~~~~~~~~~~~~~~~~~[0m
[39m[22m
[37mPage reload sent to client(s).[39m
fatal error: all goroutines are asleep - deadlock!
goroutine 1 [chan receive]:
github.com/evanw/esbuild/internal/helpers.(*ThreadSafeWaitGroup).Wait(...)
	github.com/evanw/esbuild/internal/helpers/waitgroup.go:36
main.runService.func2()
	github.com/evanw/esbuild/cmd/esbuild/service.go:114 +0x51
main.runService(0x1)
	github.com/evanw/esbuild/cmd/esbuild/service.go:160 +0x50c
main.main()
	github.com/evanw/esbuild/cmd/esbuild/main.go:252 +0xb6b
goroutine 22 [chan receive]:
main.runService.func1()
	github.com/evanw/esbuild/cmd/esbuild/service.go:98 +0x45
created by main.runService in goroutine 1
	github.com/evanw/esbuild/cmd/esbuild/service.go:97 +0x1db
goroutine 23 [chan receive]:
main.(*serviceType).sendRequest(0xc00011c330, {0x98ffc0, 0xc017d5c3f0})
	github.com/evanw/esbuild/cmd/esbuild/service.go:192 +0x12b
main.runService.func3()
	github.com/evanw/esbuild/cmd/esbuild/service.go:125 +0x3e
created by main.runService in goroutine 1
	github.com/evanw/esbuild/cmd/esbuild/service.go:122 +0x30d



 NX   Running target serve for project app failed

Failed tasks:

- app:serve:development

Hint: run the command with --verbose for more details.
