Node Express server listening on http://localhost:4000
ERROR: Bad Request ("http://localhost:4000/es/home").
URL with hostname "localhost" is not allowed.
Falling back to client side rendering. This will become a 400 Bad Request in a future major version.

For more information, see https://angular.dev/best-practices/security#preventing-server-side-request-forgery-ssrf
ERROR: Bad Request ("http://localhost:4000/api/data/testimonials").
URL with hostname "localhost" is not allowed.
Falling back to client side rendering. This will become a 400 Bad Request in a future major version.

For more information, see https://angular.dev/best-practices/security#preventing-server-side-request-forgery-ssrf
ERROR: Bad Request ("http://localhost:4000/api/data/projects").
URL with hostname "localhost" is not allowed.
Falling back to client side rendering. This will become a 400 Bad Request in a future major version.

For more information, see https://angular.dev/best-practices/security#preventing-server-side-request-forgery-ssrf
ERROR: Bad Request ("http://localhost:4000/api/data/solutions").
URL with hostname "localhost" is not allowed.
Falling back to client side rendering. This will become a 400 Bad Request in a future major version.

For more information, see https://angular.dev/best-practices/security#preventing-server-side-request-forgery-ssrf
ERROR: Bad Request ("http://localhost:4000/api/data/products").
URL with hostname "localhost" is not allowed.
Falling back to client side rendering. This will become a 400 Bad Request in a future major version.

For more information, see https://angular.dev/best-practices/security#preventing-server-side-request-forgery-ssrf
ERROR: Bad Request ("http://localhost:4000/api/data/tech-stack").
URL with hostname "localhost" is not allowed.
Falling back to client side rendering. This will become a 400 Bad Request in a future major version.

For more information, see https://angular.dev/best-practices/security#preventing-server-side-request-forgery-ssrf
ERROR: Bad Request ("http://localhost:4000/api/data/blog").
URL with hostname "localhost" is not allowed.
Falling back to client side rendering. This will become a 400 Bad Request in a future major version.

For more information, see https://angular.dev/best-practices/security#preventing-server-side-request-forgery-ssrf
ERROR: Bad Request ("http://localhost:4000/assets/imgs/logos/microsoft.svg").
URL with hostname "localhost" is not allowed.
Falling back to client side rendering. This will become a 400 Bad Request in a future major version.

For more information, see https://angular.dev/best-practices/security#preventing-server-side-request-forgery-ssrf
ERROR: Bad Request ("http://localhost:4000/assets/imgs/logos/google-cloud.svg").
URL with hostname "localhost" is not allowed.
Falling back to client side rendering. This will become a 400 Bad Request in a future major version.

For more information, see https://angular.dev/best-practices/security#preventing-server-side-request-forgery-ssrf
ERROR: Bad Request ("http://localhost:4000/assets/imgs/logos/salesforce.svg").
URL with hostname "localhost" is not allowed.
Falling back to client side rendering. This will become a 400 Bad Request in a future major version.

For more information, see https://angular.dev/best-practices/security#preventing-server-side-request-forgery-ssrf
ERROR: Bad Request ("http://localhost:4000/assets/imgs/photo-1580489944761-15a19d654956.avif").
URL with hostname "localhost" is not allowed.
Falling back to client side rendering. This will become a 400 Bad Request in a future major version.

For more information, see https://angular.dev/best-practices/security#preventing-server-side-request-forgery-ssrf
